<?xml version="1.0" encoding="UTF-8"?>
<!-- Generated by org.testng.reporters.JUnitXMLReporter -->
<testsuite hostname="Sumit" name="Taxes Calculations" tests="10" failures="1" timestamp="3 Aug 2019 07:08:27 GMT" time="51.96" errors="0">
  <testcase name="estimate_taxes" time="51.891" classname="smokeTestCasesEstimatesTaxCalculations.estimate_misctaxescalculations">
    <failure type="org.openqa.selenium.WebDriverException" message="chrome not reachable
  (Session info: chrome=75.0.3770.142)
  (Driver info: chromedriver=2.37.544315 (730aa6a5fdba159ac9f4c1e8cbc59bf1b5ce12b7),platform=Windows NT 10.0.17134 x86_64) (WARNING: The server did not provide any stacktrace information)
Command duration or timeout: 4.09 seconds
Build info: version: &amp;apos;2.53.0&amp;apos;, revision: &amp;apos;35ae25b1534ae328c771e0856c93e187490ca824&amp;apos;, time: &amp;apos;2016-03-15 10:43:46&amp;apos;
System info: host: &amp;apos;Sumit&amp;apos;, ip: &amp;apos;192.168.1.7&amp;apos;, os.name: &amp;apos;Windows 10&amp;apos;, os.arch: &amp;apos;amd64&amp;apos;, os.version: &amp;apos;10.0&amp;apos;, java.version: &amp;apos;1.8.0_161&amp;apos;
Driver info: org.openqa.selenium.chrome.ChromeDriver
Capabilities [{applicationCacheEnabled=false, rotatable=false, mobileEmulationEnabled=false, networkConnectionEnabled=false, chrome={chromedriverVersion=2.37.544315 (730aa6a5fdba159ac9f4c1e8cbc59bf1b5ce12b7), userDataDir=C:\Users\SUMITK~1\AppData\Local\Temp\scoped_dir12004_11465}, takesHeapSnapshot=true, pageLoadStrategy=normal, databaseEnabled=false, handlesAlerts=true, hasTouchScreen=false, version=75.0.3770.142, platform=XP, browserConnectionEnabled=false, nativeEvents=true, acceptSslCerts=false, acceptInsecureCerts=false, locationContextEnabled=true, webStorageEnabled=true, browserName=chrome, takesScreenshot=true, javascriptEnabled=true, cssSelectorsEnabled=true, setWindowRect=true, unexpectedAlertBehaviour=}]
Session ID: c3022698981b582683a185cdeeae248b
*** Element info: {Using=xpath, value=//*[@class=&amp;apos;dxmMenuItem&amp;apos;]//*[text()=&amp;apos;Data&amp;apos;]}">
      <![CDATA[org.openqa.selenium.WebDriverException: chrome not reachable
  (Session info: chrome=75.0.3770.142)
  (Driver info: chromedriver=2.37.544315 (730aa6a5fdba159ac9f4c1e8cbc59bf1b5ce12b7),platform=Windows NT 10.0.17134 x86_64) (WARNING: The server did not provide any stacktrace information)
Command duration or timeout: 4.09 seconds
Build info: version: '2.53.0', revision: '35ae25b1534ae328c771e0856c93e187490ca824', time: '2016-03-15 10:43:46'
System info: host: 'Sumit', ip: '192.168.1.7', os.name: 'Windows 10', os.arch: 'amd64', os.version: '10.0', java.version: '1.8.0_161'
Driver info: org.openqa.selenium.chrome.ChromeDriver
Capabilities [{applicationCacheEnabled=false, rotatable=false, mobileEmulationEnabled=false, networkConnectionEnabled=false, chrome={chromedriverVersion=2.37.544315 (730aa6a5fdba159ac9f4c1e8cbc59bf1b5ce12b7), userDataDir=C:\Users\SUMITK~1\AppData\Local\Temp\scoped_dir12004_11465}, takesHeapSnapshot=true, pageLoadStrategy=normal, databaseEnabled=false, handlesAlerts=true, hasTouchScreen=false, version=75.0.3770.142, platform=XP, browserConnectionEnabled=false, nativeEvents=true, acceptSslCerts=false, acceptInsecureCerts=false, locationContextEnabled=true, webStorageEnabled=true, browserName=chrome, takesScreenshot=true, javascriptEnabled=true, cssSelectorsEnabled=true, setWindowRect=true, unexpectedAlertBehaviour=}]
Session ID: c3022698981b582683a185cdeeae248b
*** Element info: {Using=xpath, value=//*[@class='dxmMenuItem']//*[text()='Data']}
	at org.openqa.selenium.remote.ErrorHandler.createThrowable(ErrorHandler.java:206)
	at org.openqa.selenium.remote.ErrorHandler.throwIfResponseFailed(ErrorHandler.java:158)
	at org.openqa.selenium.remote.RemoteWebDriver.execute(RemoteWebDriver.java:678)
	at org.openqa.selenium.remote.RemoteWebDriver.findElement(RemoteWebDriver.java:363)
	at org.openqa.selenium.remote.RemoteWebDriver.findElementByXPath(RemoteWebDriver.java:500)
	at org.openqa.selenium.By$ByXPath.findElement(By.java:361)
	at org.openqa.selenium.remote.RemoteWebDriver.findElement(RemoteWebDriver.java:355)
	at pageObjLibrary.EstimateTaxesCalculations.addWizardService(EstimateTaxesCalculations.java:245)
	at smokeTestCasesEstimatesTaxCalculations.estimate_misctaxescalculations.estimate_taxes(estimate_misctaxescalculations.java:17)
... Removed 28 stack frames]]>
    </failure>
  </testcase> <!-- estimate_taxes -->
  <testcase name="estimate_taxes_wizard" time="0.001" classname="smokeTestCasesEstimatesTaxCalculations.estimate_misctaxescalculations">
    <skipped/>
  </testcase> <!-- estimate_taxes_wizard -->
  <testcase name="estimate_NoAction" time="0.0" classname="smokeTestCasesEstimatesTaxCalculations.estimate_misctaxescalculations">
    <skipped/>
  </testcase> <!-- estimate_NoAction -->
  <testcase name="estimate_TC05" time="0.0" classname="smokeTestCasesEstimatesTaxCalculations.estimate_misctaxescalculations">
    <skipped/>
  </testcase> <!-- estimate_TC05 -->
  <testcase name="estimate_TC06" time="0.0" classname="smokeTestCasesEstimatesTaxCalculations.estimate_misctaxescalculations">
    <skipped/>
  </testcase> <!-- estimate_TC06 -->
  <testcase name="estimate_TC04" time="0.0" classname="smokeTestCasesEstimatesTaxCalculations.estimate_misctaxescalculations">
    <skipped/>
  </testcase> <!-- estimate_TC04 -->
  <testcase name="estimate_TC07" time="0.0" classname="smokeTestCasesEstimatesTaxCalculations.estimate_misctaxescalculations">
    <skipped/>
  </testcase> <!-- estimate_TC07 -->
  <testcase name="estimate_TC08" time="0.0" classname="smokeTestCasesEstimatesTaxCalculations.estimate_misctaxescalculations">
    <skipped/>
  </testcase> <!-- estimate_TC08 -->
  <testcase name="estimate_TC09" time="0.0" classname="smokeTestCasesEstimatesTaxCalculations.estimate_misctaxescalculations">
    <skipped/>
  </testcase> <!-- estimate_TC09 -->
  <testcase name="estimate_TC10" time="0.0" classname="smokeTestCasesEstimatesTaxCalculations.estimate_misctaxescalculations">
    <skipped/>
  </testcase> <!-- estimate_TC10 -->
</testsuite> <!-- Taxes Calculations -->
